ponto1_TAB
VCE = 6.700109e+00 V
VBEON = 7.000000e-01 V 
VEC = 7.504614e+00 V
VEBON = 7.000000e-01 V 
IB1 = 5.815111e-06 A 
IC1 = 1.039160e-03 A 
IE1 = 1.044976e-03 A 
IB2 = -3.284384e-05 A 
IC2 = 7.465405e-03 A 
IE2 = 7.498249e-03 A 
ponto1_END

ponto2_TAB
AV1dB = 3.158539e+01 dB
ZI1 = 2.419648e+03 Omega 
ZO1 = 4.652785e+03 Omega 
ponto2_END
ponto3_TAB
AV2dB = -9.207782e-02 dB
ZI2 = 7.218471e+04 Omega 
ZO2 = 3.313468e+00 Omega 
ponto3_END
ponto4_TAB
AVdB = 3.120876e+01 dB
ZO = 2.270796e+01 Omega
ponto4_END
ponto5_TAB
Merit = 4.921738e+02 
HighCutOff frequency = 4.377991e+05 Hz
LowCutOff frequency = 1.262427e+01 Hz
Cost = 2.198943e+03 MU's
Bandwidth = 4.377865e+05 Hz
Max Gain = 3.111556e+01 V
ponto5_END

