T =  0.014471 + 0.697829i
T =  0.023085 + 0.881275i
T =  0.036823 + 1.112815i
T =  0.058730 + 1.404921i
T =  0.093650 + 1.773169i
T =  0.14928 + 2.23686i
T =  0.23783 + 2.81965i
T =  0.37858 + 3.54994i
T =  0.60178 + 4.46068i
T =  0.95447 + 5.58774i
T =  1.5086 + 6.9652i
T =  2.3715 + 8.6149i
T =   3.6961 + 10.5250i
T =   5.6851 + 12.6126i
T =   8.5712 + 14.6662i
T =  12.546 + 16.278i
T =  17.608 + 16.815i
T =  23.348 + 15.522i
T =  28.800 + 11.839i
T =  32.6112 +  5.8669i
T =  33.6090 -  1.3921i
T =  31.4574 -  8.3366i
T =  26.866 - 13.517i
T =  21.159 - 16.268i
T =  15.592 - 16.787i
T =  10.917 - 15.759i
T =   7.3663 - 13.9190i
T =   4.8447 - 11.8167i
T =  3.1320 - 9.7793i
T =  2.0022 - 7.9623i
T =  1.2707 - 6.4161i
T =  0.80275 - 5.13628i
T =  0.50564 - 4.09481i
T =  0.31791 - 3.25604i
T =  0.19964 - 2.58485i
T =  0.12528 - 2.04991i
T =  0.078583 - 1.624634i
T =  0.049276 - 1.287066i
T =  0.030894 - 1.019380i
T =  0.019367 - 0.807240i
T =  0.012140 - 0.639184i
T =  0.0076093 - 0.5060835i
T =  0.0047694 - 0.4006834i
T =  0.0029894 - 0.3172269i
T =  0.0018736 - 0.2511493i
T =  0.0011743 - 0.1988335i
T =  0.00073604 - 0.15741451i
T =  0.00046132 - 0.12462302i
T =  0.00028914 - 0.09866218i
T =  0.00018122 - 0.07810926i
T =  0.00011358 - 0.06183778i
T =  0.000071189 - 0.048955903i
T =  0.000044618 - 0.038757527i
T =  0.000027965 - 0.030683645i
T =  0.000017527 - 0.024291693i
T =  0.000010985 - 0.019231297i
T =  0.0000068852 - 0.0152250713i
T =  0.0000043154 - 0.0120534143i
T =  0.0000027047 - 0.0095424705i
T =  0.0000016952 - 0.0075546015i
T =  0.0000010625 - 0.0059808415i
T =  0.00000066593 - 0.00473492409i
T =  0.00000041738 - 0.00374855380i
T =  0.00000026159 - 0.00296766226i
T =  0.00000016396 - 0.00234944455i
T =  0.00000010276 - 0.00186001277i
T =  0.000000064407 - 0.001472538472i
T =  0.000000040368 - 0.001165782079i
T =  0.000000025301 - 0.000922928590i
T =  0.000000015858 - 0.000730665875i
ponto1_TAB
Low Cut Off = 9.090909e+03 rad/s
High Cut Off = 4.545455e+03 rad/s
Medio = 6.428243e+03 rad/s
Input Impedance = 1.000000e+03 
Output Impedance = 3.333333e+02 
Gain = 3.366667e+01 
Gain = 3.054400e+01 dB 
ponto1_END

