dados_TAB
R1 = 1.031712e+03 Ohm 
R2 = 2.039469e+03 Ohm 
R3 = 3.107565e+03 Ohm 
R4 = 4.130271e+03 Ohm 
R5 = 3.023849e+03 Ohm 
R6 = 2.057322e+03 Ohm 
R7 = 1.039732e+03 Ohm 
Vs = 5.125559e+00 V 
C = 1.022605e-06 F 
Kb = 7.158337e-03 S 
Kd = 8.366406e+03 Ohm 
dados_END
correntes_TAB
I1 = -2.563814e-04 A 
I2 = -2.684492e-04 A 
I3 = 1.206785e-05 A 
I4 = -1.186012e-03 A 
I5 = -2.684492e-04 A 
I6 = -9.296301e-04 A 
I7 = 9.296301e-04 A 
Is = -2.563814e-04 A 
Ic = 0.000000e+00 A 
Id = 9.296301e-04 A 
correntes_END
tensoes_TAB
V1 = 5.125559e+00 V 
V2 = 4.861047e+00 V 
V3 = 4.313554e+00 V 
V4 = -2.184055e-16 V 
V5 = 4.898549e+00 V 
V6 = 5.710299e+00 V 
V7 = -1.912548e+00 V 
V8 = -2.879114e+00 V 
tensoes_END
potenciais_TAB
V1 = 0.000000e+00 V 
V2 = 7.897955e-01 V 
V3 = 2.424537e+00 V 
V4 = 0.000000e+00 V 
V5 = 6.778208e-01 V 
V6 = 5.710299e+00 V 
V7 = -1.912548e+00 V 
V8 = -2.879114e+00 V 
potenciais_END
dados2_TAB
Vx = 8.589413e+00 V 
Ix = 2.465815e-03 A 
Req = 3.483397e+03 Ohm 
tau = 3.562140e-03 s 
dados2_END
phasors_TAB
Amplitude1 = 1.000000e+00 V & Fase1 = 0.000000e+00 graus 
Amplitude2 = 9.483936e-01 V & Fase2 = -1.735422e-15 graus 
Amplitude3 = 8.415772e-01 V & Fase3 = -3.870526e-14 graus 
Amplitude4 = 2.730068e-17 V & Fase4 = 1.800000e+02 graus 
Amplitude5 = 9.557102e-01 V & Fase5 = 4.944819e-16 graus 
Amplitude6 = 5.638899e-01 V & Fase6 = -1.712249e+02 graus 
Amplitude7 = 3.731395e-01 V & Fase7 = -1.800000e+02 graus 
Amplitude8 = 5.617171e-01 V & Fase8 = -1.800000e+02 graus 
phasors_END
