dados_TAB
R1 = 1.006765e+03 Ohm 
R2 = 2.033032e+03 Ohm 
R3 = 3.033913e+03 Ohm 
R4 = 4.003128e+03 Ohm 
R5 = 3.131011e+03 Ohm 
R6 = 2.093899e+03 Ohm 
R7 = 1.017744e+03 Ohm 
Vs = 5.223200e+00 V 
C = 1.035361e-06 F 
Kb = 7.272764e-03 S 
Kd = 8.170065e+03 Ohm 
dados_END
correntes_TAB
I1 = -2.604926e-04 A 
I2 = -2.728588e-04 A 
I3 = 1.236617e-05 A 
I4 = -1.248639e-03 A 
I5 = -2.728588e-04 A 
I6 = -9.881466e-04 A 
I7 = 9.881466e-04 A 
Is = -2.604926e-04 A 
Ic = 0.000000e+00 A 
correntes_END
tensoes_TAB
V1 = 5.223200e+00 V 
V2 = 4.960945e+00 V 
V3 = 4.406214e+00 V 
V4 = 0.000000e+00 V 
V5 = 4.998463e+00 V 
V6 = 5.852787e+00 V 
V7 = -2.069080e+00 V 
V8 = -3.074760e+00 V 
tensoes_END
potenciais_TAB
V1 = 0.000000e+00 V 
V2 = 8.184440e-01 V 
V3 = 2.549645e+00 V 
V4 = 0.000000e+00 V 
V5 = 7.013583e-01 V 
V6 = 5.852787e+00 V 
V7 = -2.069080e+00 V 
V8 = -3.074760e+00 V 
potenciais_END
dados2_TAB
Vx = 8.927546e+00 V 
Ix = 2.496829e-03 A 
Req = 3.575554e+03 Ohm 
tau = 3.701990e-03 s 
dados2_END
phasors_TAB
Amplitude1 = 1.000000e+00 V & Fase1 = 0.000000e+00 graus 
Amplitude2 = 9.497904e-01 V & Fase2 = -3.607918e-14 graus 
Amplitude3 = 8.435852e-01 V & Fase3 = -1.388561e-13 graus 
Amplitude4 = 0.000000e+00 V & Fase4 = 0.000000e+00 graus 
Amplitude5 = 9.569733e-01 V & Fase5 = -2.995171e-14 graus 
Amplitude6 = 5.905273e-01 V & Fase6 = -1.718503e+02 graus 
Amplitude7 = 3.961326e-01 V & Fase7 = 1.800000e+02 graus 
Amplitude8 = 5.886736e-01 V & Fase8 = 1.800000e+02 graus 
phasors_END
